#
# There is insufficient memory for the Java Runtime Environment to continue.
# Native memory allocation (mmap) failed to map 234881024 bytes. Error detail: G1 virtual space
# Possible reasons:
#   The system is out of physical RAM or swap space
#   This process is running with CompressedOops enabled, and the Java Heap may be blocking the growth of the native heap
# Possible solutions:
#   Reduce memory load on the system
#   Increase physical memory or swap space
#   Check if swap backing store is full
#   Decrease Java heap size (-Xmx/-Xms)
#   Decrease number of Java threads
#   Decrease Java thread stack sizes (-Xss)
#   Set larger code cache with -XX:ReservedCodeCacheSize=
#   JVM is running with Zero Based Compressed Oops mode in which the Java heap is
#     placed in the first 32GB address space. The Java Heap base address is the
#     maximum limit for the native heap growth. Please use -XX:HeapBaseMinAddress
#     to set the Java Heap base and to place the Java Heap above 32GB virtual address.
# This output file may be truncated or incomplete.
#
#  Out of Memory Error (os_windows.cpp:3564), pid=4772, tid=14000
#
# JRE version:  (24.0.1+9) (build )
# Java VM: OpenJDK 64-Bit Server VM (24.0.1+9, mixed mode, sharing, tiered, compressed oops, compressed class ptrs, g1 gc, windows-amd64)
# No core dump will be written. Minidumps are not enabled by default on client versions of Windows
#

---------------  S U M M A R Y ------------

Command Line: -XX:+ShowCodeDetailsInExceptionMessages com.ivanlopez.restaurante.MainApp

Host: AMD Ryzen 5 5600G with Radeon Graphics         , 12 cores, 13G,  Windows 11 , 64 bit Build 22621 (10.0.22621.5415)
Time: Wed Jul  2 16:15:30 2025 Hora est. Pacífico, Sudamérica elapsed time: 0.115142 seconds (0d 0h 0m 0s)

---------------  T H R E A D  ---------------

Current thread (0x000001525b6e3cf0):  JavaThread "Unknown thread" [_thread_in_vm, id=14000, stack(0x0000000feff00000,0x0000000ff0000000) (1024K)]

Stack: [0x0000000feff00000,0x0000000ff0000000]
Native frames: (J=compiled Java code, j=interpreted, Vv=VM code, C=native code)
V  [jvm.dll+0x733f59]  (no source info available)
V  [jvm.dll+0x96bd23]  (no source info available)
V  [jvm.dll+0x96e20d]  (no source info available)
V  [jvm.dll+0x96e883]  (no source info available)
V  [jvm.dll+0x2ac1d6]  (no source info available)
V  [jvm.dll+0x730475]  (no source info available)
V  [jvm.dll+0x723f3a]  (no source info available)
V  [jvm.dll+0x39333a]  (no source info available)
V  [jvm.dll+0x39b006]  (no source info available)
V  [jvm.dll+0x38790e]  (no source info available)
V  [jvm.dll+0x387bc8]  (no source info available)
V  [jvm.dll+0x35f7cc]  (no source info available)
V  [jvm.dll+0x36048d]  (no source info available)
V  [jvm.dll+0x92f4df]  (no source info available)
V  [jvm.dll+0x3fb93d]  (no source info available)
V  [jvm.dll+0x9178b6]  (no source info available)
V  [jvm.dll+0x4967de]  (no source info available)
V  [jvm.dll+0x4986e1]  (no source info available)
C  [jli.dll+0x5276]  (no source info available)
C  [ucrtbase.dll+0x29333]  (no source info available)
C  [KERNEL32.DLL+0x1259d]  (no source info available)
C  [ntdll.dll+0x5af78]  (no source info available)

Lock stack of current Java thread (top to bottom):


---------------  P R O C E S S  ---------------

Threads class SMR info:
_java_thread_list=0x00007ffbbb769f58, length=0, elements={
}

Java Threads: ( => current thread )
Total: 0

Other Threads:
  0x000001525dac4710 WorkerThread "GC Thread#0"                     [id=3812, stack(0x0000000ff0000000,0x0000000ff0100000) (1024K)]
  0x000001525dad8580 ConcurrentGCThread "G1 Main Marker"            [id=13600, stack(0x0000000ff0100000,0x0000000ff0200000) (1024K)]
  0x000001525dad8fa0 WorkerThread "G1 Conc#0"                       [id=13264, stack(0x0000000ff0200000,0x0000000ff0300000) (1024K)]

[error occurred during error reporting (printing all threads), id 0xc0000005, EXCEPTION_ACCESS_VIOLATION (0xc0000005) at pc=0x00007ffbbade3bea]
VM state: not at safepoint (not fully initialized)

VM Mutex/Monitor currently owned by a thread:  ([mutex/lock_event])
[0x00007ffbbb7f30e0] Heap_lock - owner thread: 0x000001525b6e3cf0

Heap address: 0x0000000721a00000, size: 3558 MB, Compressed Oops mode: Zero based, Oop shift amount: 3

CDS archive(s) mapped at: [0x0000000000000000-0x0000000000000000-0x0000000000000000), size 0, SharedBaseAddress: 0x0000000800000000, ArchiveRelocationMode: 1.
UseCompressedClassPointers 1, UseCompactObjectHeaders 0
Narrow klass pointer bits 32, Max shift 3
Narrow klass base: 0xffffffffffffffff, Narrow klass shift: -1
Encoding Range: [0xffffffffffffffff - 0x000000007fffffff), (2147483648 bytes)
Klass Range:    [0x0000000000000000 - 0x0000000000000000), (0 bytes)
Klass ID Range:  [4294967295 - 0) (1)

GC Precious Log:
 CardTable entry size: 512
 Card Set container configuration: InlinePtr #cards 4 size 8 Array Of Cards #cards 16 size 48 Howl #buckets 8 coarsen threshold 3686 Howl Bitmap #cards 512 size 80 coarsen threshold 460 Card regions per heap region 1 cards per card region 4096

Heap:
 garbage-first heap   total reserved 3643392K, committed 0K, used 0K [0x0000000721a00000, 0x0000000800000000)
  region size 2048K, 0 young (0K), 0 survivors (0K)

[error occurred during error reporting (printing heap information), id 0xc0000005, EXCEPTION_ACCESS_VIOLATION (0xc0000005) at pc=0x00007ffbbb202629]
GC Heap History (0 events):
No events

Dll operation events (1 events):
Event: 0.061 Loaded shared library C:\Users\User\AppData\Roaming\Code\User\globalStorage\pleiades.java-extension-pack-jdk\java\latest\bin\java.dll

Deoptimization events (0 events):
No events

Classes loaded (0 events):
No events

Classes unloaded (0 events):
No events

Classes redefined (0 events):
No events

Internal exceptions (0 events):
No events

VM Operations (0 events):
No events

Memory protections (0 events):
No events

Nmethod flushes (0 events):
No events

Events (0 events):
No events


Dynamic libraries:
0x00007ff74b150000 - 0x00007ff74b15e000 	C:\Users\User\AppData\Roaming\Code\User\globalStorage\pleiades.java-extension-pack-jdk\java\latest\bin\java.exe
0x00007ffc54e90000 - 0x00007ffc550a7000 	C:\Windows\SYSTEM32\ntdll.dll
0x00007ffc545d0000 - 0x00007ffc54694000 	C:\Windows\System32\KERNEL32.DLL
0x00007ffc52290000 - 0x00007ffc52662000 	C:\Windows\System32\KERNELBASE.dll
0x00007ffc4e6f0000 - 0x00007ffc4e787000 	C:\Windows\SYSTEM32\apphelp.dll
0x00007ffc52670000 - 0x00007ffc52781000 	C:\Windows\System32\ucrtbase.dll
0x00007ffc41130000 - 0x00007ffc4114e000 	C:\Users\User\AppData\Roaming\Code\User\globalStorage\pleiades.java-extension-pack-jdk\java\latest\bin\VCRUNTIME140.dll
0x00007ffbc7e90000 - 0x00007ffbc7ea6000 	C:\Users\User\AppData\Roaming\Code\User\globalStorage\pleiades.java-extension-pack-jdk\java\latest\bin\jli.dll
0x00007ffc54910000 - 0x00007ffc54ac1000 	C:\Windows\System32\USER32.dll
0x00007ffc521c0000 - 0x00007ffc521e6000 	C:\Windows\System32\win32u.dll
0x00007ffc46ee0000 - 0x00007ffc4717b000 	C:\Windows\WinSxS\amd64_microsoft.windows.common-controls_6595b64144ccf1df_6.0.22621.5547_none_27104afb73855772\COMCTL32.dll
0x00007ffc53790000 - 0x00007ffc537b9000 	C:\Windows\System32\GDI32.dll
0x00007ffc547f0000 - 0x00007ffc54897000 	C:\Windows\System32\msvcrt.dll
0x00007ffc529c0000 - 0x00007ffc52ae3000 	C:\Windows\System32\gdi32full.dll
0x00007ffc521f0000 - 0x00007ffc5228a000 	C:\Windows\System32\msvcp_win.dll
0x00007ffc54e10000 - 0x00007ffc54e41000 	C:\Windows\System32\IMM32.DLL
0x00007ffc3fd50000 - 0x00007ffc3fd5c000 	C:\Users\User\AppData\Roaming\Code\User\globalStorage\pleiades.java-extension-pack-jdk\java\latest\bin\vcruntime140_1.dll
0x00007ffbc7e00000 - 0x00007ffbc7e8d000 	C:\Users\User\AppData\Roaming\Code\User\globalStorage\pleiades.java-extension-pack-jdk\java\latest\bin\msvcp140.dll
0x00007ffbbaa70000 - 0x00007ffbbb8db000 	C:\Users\User\AppData\Roaming\Code\User\globalStorage\pleiades.java-extension-pack-jdk\java\latest\bin\server\jvm.dll
0x00007ffc546a0000 - 0x00007ffc54751000 	C:\Windows\System32\ADVAPI32.dll
0x00007ffc543f0000 - 0x00007ffc54498000 	C:\Windows\System32\sechost.dll
0x00007ffc52af0000 - 0x00007ffc52b18000 	C:\Windows\System32\bcrypt.dll
0x00007ffc54ae0000 - 0x00007ffc54bf4000 	C:\Windows\System32\RPCRT4.dll
0x00007ffc54550000 - 0x00007ffc545c1000 	C:\Windows\System32\WS2_32.dll
0x00007ffc51e50000 - 0x00007ffc51e9d000 	C:\Windows\SYSTEM32\POWRPROF.dll
0x00007ffc4c1f0000 - 0x00007ffc4c224000 	C:\Windows\SYSTEM32\WINMM.dll
0x00007ffc491f0000 - 0x00007ffc491fa000 	C:\Windows\SYSTEM32\VERSION.dll
0x00007ffc51e30000 - 0x00007ffc51e43000 	C:\Windows\SYSTEM32\UMPDC.dll
0x00007ffc50ed0000 - 0x00007ffc50ee8000 	C:\Windows\SYSTEM32\kernel.appcore.dll
0x00007ffc2d5f0000 - 0x00007ffc2d5fa000 	C:\Users\User\AppData\Roaming\Code\User\globalStorage\pleiades.java-extension-pack-jdk\java\latest\bin\jimage.dll
0x00007ffc49ae0000 - 0x00007ffc49d13000 	C:\Windows\SYSTEM32\DBGHELP.DLL
0x00007ffc53190000 - 0x00007ffc53523000 	C:\Windows\System32\combase.dll
0x00007ffc530b0000 - 0x00007ffc53187000 	C:\Windows\System32\OLEAUT32.dll
0x00007ffc37e40000 - 0x00007ffc37e72000 	C:\Windows\SYSTEM32\dbgcore.DLL
0x00007ffc52000000 - 0x00007ffc5207b000 	C:\Windows\System32\bcryptPrimitives.dll
0x00007ffbc24b0000 - 0x00007ffbc24ce000 	C:\Users\User\AppData\Roaming\Code\User\globalStorage\pleiades.java-extension-pack-jdk\java\latest\bin\java.dll
0x00007ffc537c0000 - 0x00007ffc53960000 	C:\Windows\System32\ole32.dll
0x00007ffc53ad0000 - 0x00007ffc54372000 	C:\Windows\System32\SHELL32.dll
0x00007ffc52080000 - 0x00007ffc521bf000 	C:\Windows\System32\wintypes.dll

JVMTI agents: none

dbghelp: loaded successfully - version: 4.0.5 - missing functions: none
symbol engine: initialized successfully - sym options: 0x614 - pdb path: .;C:\Users\User\AppData\Roaming\Code\User\globalStorage\pleiades.java-extension-pack-jdk\java\latest\bin;C:\Windows\SYSTEM32;C:\Windows\WinSxS\amd64_microsoft.windows.common-controls_6595b64144ccf1df_6.0.22621.5547_none_27104afb73855772;C:\Users\User\AppData\Roaming\Code\User\globalStorage\pleiades.java-extension-pack-jdk\java\latest\bin\server

VM Arguments:
jvm_args: -XX:+ShowCodeDetailsInExceptionMessages 
java_command: com.ivanlopez.restaurante.MainApp
java_class_path (initial): C:\Users\User\Documents\VISUAL STUDIO PROJECTS\Restaurante-main\target\classes
Launcher Type: SUN_STANDARD

[Global flags]
     intx CICompilerCount                          = 4                                         {product} {ergonomic}
     uint ConcGCThreads                            = 3                                         {product} {ergonomic}
     uint G1ConcRefinementThreads                  = 10                                        {product} {ergonomic}
   size_t G1HeapRegionSize                         = 2097152                                   {product} {ergonomic}
   size_t InitialHeapSize                          = 234881024                                 {product} {ergonomic}
   size_t MarkStackSize                            = 4194304                                   {product} {ergonomic}
   size_t MarkStackSizeMax                         = 536870912                                 {product} {ergonomic}
   size_t MaxHeapSize                              = 3730833408                                {product} {ergonomic}
   size_t MinHeapDeltaBytes                        = 2097152                                   {product} {ergonomic}
   size_t MinHeapSize                              = 8388608                                   {product} {ergonomic}
    uintx NonNMethodCodeHeapSize                   = 5832704                                {pd product} {ergonomic}
    uintx NonProfiledCodeHeapSize                  = 122945536                              {pd product} {ergonomic}
    uintx ProfiledCodeHeapSize                     = 122880000                              {pd product} {ergonomic}
    uintx ReservedCodeCacheSize                    = 251658240                              {pd product} {ergonomic}
     bool SegmentedCodeCache                       = true                                      {product} {ergonomic}
     bool ShowCodeDetailsInExceptionMessages       = true                                   {manageable} {command line}
   size_t SoftMaxHeapSize                          = 3730833408                             {manageable} {ergonomic}
     bool UseCompressedOops                        = true                           {product lp64_product} {ergonomic}
     bool UseG1GC                                  = true                                      {product} {ergonomic}
     bool UseLargePagesIndividualAllocation        = false                                  {pd product} {ergonomic}

Logging:
Log output configuration:
 #0: stdout all=warning uptime,level,tags foldmultilines=false
 #1: stderr all=off uptime,level,tags foldmultilines=false

Environment Variables:
JAVA_HOME=C:\Users\User\AppData\Roaming\Code\User\globalStorage\pleiades.java-extension-pack-jdk\java\21
PATH=C:\Users\User\AppData\Roaming\Code\User\globalStorage\pleiades.java-extension-pack-jdk\gradle\latest\bin;C:\Users\User\AppData\Roaming\Code\User\globalStorage\pleiades.java-extension-pack-jdk\maven\latest\bin;C:\Users\User\AppData\Roaming\Code\User\globalStorage\pleiades.java-extension-pack-jdk\java\21\bin;C:\Program Files\Common Files\Oracle\Java\javapath;C:\Program Files (x86)\Common Files\Oracle\Java\java8path;C:\Program Files (x86)\Common Files\Oracle\Java\javapath;C:\Windows\system32;C:\Windows;C:\Windows\System32\Wbem;C:\Windows\System32\WindowsPowerShell\v1.0\;C:\Windows\System32\OpenSSH\;C:\ProgramData\chocolatey\bin;C:\Program Files\dotnet\;C:\Users\User\AppData\Local\Programs\Python\Python313\Scripts\;C:\Users\User\AppData\Local\Programs\Python\Python313\;C:\Users\User\AppData\Local\Programs\Python\Launcher\;C:\Program Files\MySQL\MySQL Shell 8.0\bin\;C:\Program Files\Java\jdk-17\bin;C:\Program Files\Java\jdk-17\bin;C:\Users\User\AppData\Local\Microsoft\WindowsApps;C:\Users\User\AppData\Local\Programs\Microsoft VS Code\bin;C:\Tools\Gradle\gradle-8.12\bin;C:\Users\User\Documents\VISUAL STUDIO PROJECTS\servipos\servipos\server\tomcat\bin;C:\Program Files\MySQL\MySQL Server 8.0\bin
USERNAME=User
LANG=en_US.UTF-8
OS=Windows_NT
PROCESSOR_IDENTIFIER=AMD64 Family 25 Model 80 Stepping 0, AuthenticAMD
TMP=C:\Users\User\AppData\Local\Temp
TEMP=C:\Users\User\AppData\Local\Temp




Periodic native trim disabled

---------------  S Y S T E M  ---------------

OS:
 Windows 11 , 64 bit Build 22621 (10.0.22621.5415)
OS uptime: 0 days 3:44 hours
Hyper-V role detected

CPU: total 12 (initial active 12) (12 cores per cpu, 2 threads per core) family 25 model 80 stepping 0 microcode 0x0, cx8, cmov, fxsr, ht, mmx, 3dnowpref, sse, sse2, sse3, ssse3, sse4a, sse4.1, sse4.2, popcnt, lzcnt, tsc, tscinvbit, avx, avx2, aes, erms, clmul, bmi1, bmi2, adx, sha, fma, vzeroupper, clflush, clflushopt, hv, rdtscp, rdpid, fsrm, f16c, cet_ss
Processor Information for the first 12 processors :
  Max Mhz: 3901, Current Mhz: 3901, Mhz Limit: 3901

Memory: 4k page, system-wide physical 14226M (198M free)
TotalPageFile size 18322M (AvailPageFile size 31M)
current process WorkingSet (physical memory assigned to process): 12M, peak: 12M
current process commit charge ("private bytes"): 64M, peak: 288M

vm_info: OpenJDK 64-Bit Server VM (24.0.1+9) for windows-amd64 JRE (24.0.1+9), built on 2025-04-15T00:00:00Z with MS VC++ 17.7 (VS2022)

END.
